Started GET "/" for 127.0.0.1 at 2017-07-26 13:41:16 -0300
Processing by Rails::WelcomeController#index as HTML
  Rendering /home/dcarillo/.rbenv/versions/2.4.0/lib/ruby/gems/2.4.0/gems/railties-5.1.2/lib/rails/templates/rails/welcome/index.html.erb
  Rendered /home/dcarillo/.rbenv/versions/2.4.0/lib/ruby/gems/2.4.0/gems/railties-5.1.2/lib/rails/templates/rails/welcome/index.html.erb (1.7ms)
Completed 200 OK in 114ms (Views: 3.7ms)


Started GET "/" for 127.0.0.1 at 2017-07-26 14:01:08 -0300
Processing by Rails::WelcomeController#index as HTML
  Rendering /home/dcarillo/.rbenv/versions/2.4.0/lib/ruby/gems/2.4.0/gems/railties-5.1.2/lib/rails/templates/rails/welcome/index.html.erb
  Rendered /home/dcarillo/.rbenv/versions/2.4.0/lib/ruby/gems/2.4.0/gems/railties-5.1.2/lib/rails/templates/rails/welcome/index.html.erb (1.5ms)
Completed 200 OK in 104ms (Views: 3.4ms)


Started GET "/" for 127.0.0.1 at 2017-07-27 11:24:50 -0300
Processing by Rails::WelcomeController#index as HTML
  Rendering /home/dcarillo/.rbenv/versions/2.4.0/lib/ruby/gems/2.4.0/gems/railties-5.1.2/lib/rails/templates/rails/welcome/index.html.erb
  Rendered /home/dcarillo/.rbenv/versions/2.4.0/lib/ruby/gems/2.4.0/gems/railties-5.1.2/lib/rails/templates/rails/welcome/index.html.erb (2.0ms)
Completed 200 OK in 129ms (Views: 4.9ms)


Started GET "/main_controller/index" for 127.0.0.1 at 2017-07-27 11:28:07 -0300
Processing by MainControllerController#index as HTML
  Rendering main_controller/index.html.erb within layouts/application
  Rendered main_controller/index.html.erb within layouts/application (0.9ms)
Completed 200 OK in 420ms (Views: 416.8ms)


Started GET "/main_controller/index" for 127.0.0.1 at 2017-07-27 11:31:38 -0300
Processing by MainControllerController#index as HTML
  Rendering main_controller/index.html.slim within layouts/application
  Rendered main_controller/index.html.slim within layouts/application (23.7ms)
Completed 200 OK in 46ms (Views: 43.1ms)


Started GET "/main_controller/index" for 127.0.0.1 at 2017-07-27 11:31:42 -0300
Processing by MainControllerController#index as HTML
  Rendering main_controller/index.html.slim within layouts/application
  Rendered main_controller/index.html.slim within layouts/application (7.1ms)
Completed 200 OK in 43ms (Views: 40.1ms)


Started GET "/main_controller/index" for 127.0.0.1 at 2017-07-27 11:31:45 -0300
Processing by MainControllerController#index as HTML
  Rendering main_controller/index.html.slim within layouts/application
  Rendered main_controller/index.html.slim within layouts/application (4.3ms)
Completed 200 OK in 22ms (Views: 21.5ms)


Started GET "/main_controller/index" for 127.0.0.1 at 2017-07-27 11:49:37 -0300
Processing by MainControllerController#index as HTML
  Rendering main_controller/index.html.slim within layouts/application
  Rendered main_controller/index.html.slim within layouts/application (2.6ms)
Completed 200 OK in 34ms (Views: 17.8ms)


Started GET "/main_controller/index" for 127.0.0.1 at 2017-07-27 12:08:10 -0300
Processing by MainControllerController#index as HTML
  Rendering main_controller/index.html.slim within layouts/application
  Rendered main_controller/index.html.slim within layouts/application (8.9ms)
Completed 200 OK in 63ms (Views: 60.0ms)


Started GET "/main_controller/assets/images/phone.png" for 127.0.0.1 at 2017-07-27 12:08:10 -0300
  
ActionController::RoutingError (No route matches [GET] "/main_controller/assets/images/phone.png"):
  
actionpack (5.1.2) lib/action_dispatch/middleware/debug_exceptions.rb:63:in `call'
web-console (3.5.1) lib/web_console/middleware.rb:135:in `call_app'
web-console (3.5.1) lib/web_console/middleware.rb:28:in `block in call'
web-console (3.5.1) lib/web_console/middleware.rb:18:in `catch'
web-console (3.5.1) lib/web_console/middleware.rb:18:in `call'
actionpack (5.1.2) lib/action_dispatch/middleware/show_exceptions.rb:31:in `call'
railties (5.1.2) lib/rails/rack/logger.rb:36:in `call_app'
railties (5.1.2) lib/rails/rack/logger.rb:24:in `block in call'
activesupport (5.1.2) lib/active_support/tagged_logging.rb:69:in `block in tagged'
activesupport (5.1.2) lib/active_support/tagged_logging.rb:26:in `tagged'
activesupport (5.1.2) lib/active_support/tagged_logging.rb:69:in `tagged'
railties (5.1.2) lib/rails/rack/logger.rb:24:in `call'
sprockets-rails (3.2.0) lib/sprockets/rails/quiet_assets.rb:13:in `call'
actionpack (5.1.2) lib/action_dispatch/middleware/remote_ip.rb:79:in `call'
actionpack (5.1.2) lib/action_dispatch/middleware/request_id.rb:25:in `call'
rack (2.0.3) lib/rack/method_override.rb:22:in `call'
rack (2.0.3) lib/rack/runtime.rb:22:in `call'
activesupport (5.1.2) lib/active_support/cache/strategy/local_cache_middleware.rb:27:in `call'
actionpack (5.1.2) lib/action_dispatch/middleware/executor.rb:12:in `call'
actionpack (5.1.2) lib/action_dispatch/middleware/static.rb:125:in `call'
rack (2.0.3) lib/rack/sendfile.rb:111:in `call'
railties (5.1.2) lib/rails/engine.rb:522:in `call'
puma (3.9.1) lib/puma/configuration.rb:224:in `call'
puma (3.9.1) lib/puma/server.rb:602:in `handle_request'
puma (3.9.1) lib/puma/server.rb:435:in `process_client'
puma (3.9.1) lib/puma/server.rb:299:in `block in run'
puma (3.9.1) lib/puma/thread_pool.rb:120:in `block in spawn_thread'
Started GET "/main_controller/index" for 127.0.0.1 at 2017-07-27 12:08:52 -0300
Processing by MainControllerController#index as HTML
  Rendering main_controller/index.html.slim within layouts/application
  Rendered main_controller/index.html.slim within layouts/application (6.5ms)
Completed 200 OK in 24ms (Views: 22.4ms)


  
ActionController::RoutingError (No route matches [GET] "/assets/images/phone.png"):
  
actionpack (5.1.2) lib/action_dispatch/middleware/debug_exceptions.rb:63:in `call'
web-console (3.5.1) lib/web_console/middleware.rb:135:in `call_app'
web-console (3.5.1) lib/web_console/middleware.rb:28:in `block in call'
web-console (3.5.1) lib/web_console/middleware.rb:18:in `catch'
web-console (3.5.1) lib/web_console/middleware.rb:18:in `call'
actionpack (5.1.2) lib/action_dispatch/middleware/show_exceptions.rb:31:in `call'
railties (5.1.2) lib/rails/rack/logger.rb:36:in `call_app'
railties (5.1.2) lib/rails/rack/logger.rb:24:in `block in call'
activesupport (5.1.2) lib/active_support/tagged_logging.rb:69:in `block in tagged'
activesupport (5.1.2) lib/active_support/tagged_logging.rb:26:in `tagged'
activesupport (5.1.2) lib/active_support/tagged_logging.rb:69:in `tagged'
railties (5.1.2) lib/rails/rack/logger.rb:24:in `call'
sprockets-rails (3.2.0) lib/sprockets/rails/quiet_assets.rb:11:in `block in call'
activesupport (5.1.2) lib/active_support/logger_silence.rb:20:in `silence'
activesupport (5.1.2) lib/active_support/logger.rb:63:in `block (3 levels) in broadcast'
activesupport (5.1.2) lib/active_support/logger_silence.rb:20:in `silence'
activesupport (5.1.2) lib/active_support/logger.rb:61:in `block (2 levels) in broadcast'
sprockets-rails (3.2.0) lib/sprockets/rails/quiet_assets.rb:11:in `call'
actionpack (5.1.2) lib/action_dispatch/middleware/remote_ip.rb:79:in `call'
actionpack (5.1.2) lib/action_dispatch/middleware/request_id.rb:25:in `call'
rack (2.0.3) lib/rack/method_override.rb:22:in `call'
rack (2.0.3) lib/rack/runtime.rb:22:in `call'
activesupport (5.1.2) lib/active_support/cache/strategy/local_cache_middleware.rb:27:in `call'
actionpack (5.1.2) lib/action_dispatch/middleware/executor.rb:12:in `call'
actionpack (5.1.2) lib/action_dispatch/middleware/static.rb:125:in `call'
rack (2.0.3) lib/rack/sendfile.rb:111:in `call'
railties (5.1.2) lib/rails/engine.rb:522:in `call'
puma (3.9.1) lib/puma/configuration.rb:224:in `call'
puma (3.9.1) lib/puma/server.rb:602:in `handle_request'
puma (3.9.1) lib/puma/server.rb:435:in `process_client'
puma (3.9.1) lib/puma/server.rb:299:in `block in run'
puma (3.9.1) lib/puma/thread_pool.rb:120:in `block in spawn_thread'
  
ActionController::RoutingError (No route matches [GET] "/assets/images/phone.png"):
  
actionpack (5.1.2) lib/action_dispatch/middleware/debug_exceptions.rb:63:in `call'
web-console (3.5.1) lib/web_console/middleware.rb:135:in `call_app'
web-console (3.5.1) lib/web_console/middleware.rb:28:in `block in call'
web-console (3.5.1) lib/web_console/middleware.rb:18:in `catch'
web-console (3.5.1) lib/web_console/middleware.rb:18:in `call'
actionpack (5.1.2) lib/action_dispatch/middleware/show_exceptions.rb:31:in `call'
railties (5.1.2) lib/rails/rack/logger.rb:36:in `call_app'
railties (5.1.2) lib/rails/rack/logger.rb:24:in `block in call'
activesupport (5.1.2) lib/active_support/tagged_logging.rb:69:in `block in tagged'
activesupport (5.1.2) lib/active_support/tagged_logging.rb:26:in `tagged'
activesupport (5.1.2) lib/active_support/tagged_logging.rb:69:in `tagged'
railties (5.1.2) lib/rails/rack/logger.rb:24:in `call'
sprockets-rails (3.2.0) lib/sprockets/rails/quiet_assets.rb:11:in `block in call'
activesupport (5.1.2) lib/active_support/logger_silence.rb:20:in `silence'
activesupport (5.1.2) lib/active_support/logger.rb:63:in `block (3 levels) in broadcast'
activesupport (5.1.2) lib/active_support/logger_silence.rb:20:in `silence'
activesupport (5.1.2) lib/active_support/logger.rb:61:in `block (2 levels) in broadcast'
sprockets-rails (3.2.0) lib/sprockets/rails/quiet_assets.rb:11:in `call'
actionpack (5.1.2) lib/action_dispatch/middleware/remote_ip.rb:79:in `call'
actionpack (5.1.2) lib/action_dispatch/middleware/request_id.rb:25:in `call'
rack (2.0.3) lib/rack/method_override.rb:22:in `call'
rack (2.0.3) lib/rack/runtime.rb:22:in `call'
activesupport (5.1.2) lib/active_support/cache/strategy/local_cache_middleware.rb:27:in `call'
actionpack (5.1.2) lib/action_dispatch/middleware/executor.rb:12:in `call'
actionpack (5.1.2) lib/action_dispatch/middleware/static.rb:125:in `call'
rack (2.0.3) lib/rack/sendfile.rb:111:in `call'
railties (5.1.2) lib/rails/engine.rb:522:in `call'
puma (3.9.1) lib/puma/configuration.rb:224:in `call'
puma (3.9.1) lib/puma/server.rb:602:in `handle_request'
puma (3.9.1) lib/puma/server.rb:435:in `process_client'
puma (3.9.1) lib/puma/server.rb:299:in `block in run'
puma (3.9.1) lib/puma/thread_pool.rb:120:in `block in spawn_thread'
Started GET "/main_controller/index" for 127.0.0.1 at 2017-07-27 12:09:55 -0300
Processing by MainControllerController#index as HTML
  Rendering main_controller/index.html.slim within layouts/application
  Rendered main_controller/index.html.slim within layouts/application (9.8ms)
Completed 200 OK in 19ms (Views: 18.6ms)


Started GET "/app/assets/images/phone.png" for 127.0.0.1 at 2017-07-27 12:09:55 -0300
  
ActionController::RoutingError (No route matches [GET] "/app/assets/images/phone.png"):
  
actionpack (5.1.2) lib/action_dispatch/middleware/debug_exceptions.rb:63:in `call'
web-console (3.5.1) lib/web_console/middleware.rb:135:in `call_app'
web-console (3.5.1) lib/web_console/middleware.rb:28:in `block in call'
web-console (3.5.1) lib/web_console/middleware.rb:18:in `catch'
web-console (3.5.1) lib/web_console/middleware.rb:18:in `call'
actionpack (5.1.2) lib/action_dispatch/middleware/show_exceptions.rb:31:in `call'
railties (5.1.2) lib/rails/rack/logger.rb:36:in `call_app'
railties (5.1.2) lib/rails/rack/logger.rb:24:in `block in call'
activesupport (5.1.2) lib/active_support/tagged_logging.rb:69:in `block in tagged'
activesupport (5.1.2) lib/active_support/tagged_logging.rb:26:in `tagged'
activesupport (5.1.2) lib/active_support/tagged_logging.rb:69:in `tagged'
railties (5.1.2) lib/rails/rack/logger.rb:24:in `call'
sprockets-rails (3.2.0) lib/sprockets/rails/quiet_assets.rb:13:in `call'
actionpack (5.1.2) lib/action_dispatch/middleware/remote_ip.rb:79:in `call'
actionpack (5.1.2) lib/action_dispatch/middleware/request_id.rb:25:in `call'
rack (2.0.3) lib/rack/method_override.rb:22:in `call'
rack (2.0.3) lib/rack/runtime.rb:22:in `call'
activesupport (5.1.2) lib/active_support/cache/strategy/local_cache_middleware.rb:27:in `call'
actionpack (5.1.2) lib/action_dispatch/middleware/executor.rb:12:in `call'
actionpack (5.1.2) lib/action_dispatch/middleware/static.rb:125:in `call'
rack (2.0.3) lib/rack/sendfile.rb:111:in `call'
railties (5.1.2) lib/rails/engine.rb:522:in `call'
puma (3.9.1) lib/puma/configuration.rb:224:in `call'
puma (3.9.1) lib/puma/server.rb:602:in `handle_request'
puma (3.9.1) lib/puma/server.rb:435:in `process_client'
puma (3.9.1) lib/puma/server.rb:299:in `block in run'
puma (3.9.1) lib/puma/thread_pool.rb:120:in `block in spawn_thread'
Started GET "/app/assets/images/phone.png" for 127.0.0.1 at 2017-07-27 12:10:00 -0300
  
ActionController::RoutingError (No route matches [GET] "/app/assets/images/phone.png"):
  
actionpack (5.1.2) lib/action_dispatch/middleware/debug_exceptions.rb:63:in `call'
web-console (3.5.1) lib/web_console/middleware.rb:135:in `call_app'
web-console (3.5.1) lib/web_console/middleware.rb:28:in `block in call'
web-console (3.5.1) lib/web_console/middleware.rb:18:in `catch'
web-console (3.5.1) lib/web_console/middleware.rb:18:in `call'
actionpack (5.1.2) lib/action_dispatch/middleware/show_exceptions.rb:31:in `call'
railties (5.1.2) lib/rails/rack/logger.rb:36:in `call_app'
railties (5.1.2) lib/rails/rack/logger.rb:24:in `block in call'
activesupport (5.1.2) lib/active_support/tagged_logging.rb:69:in `block in tagged'
activesupport (5.1.2) lib/active_support/tagged_logging.rb:26:in `tagged'
activesupport (5.1.2) lib/active_support/tagged_logging.rb:69:in `tagged'
railties (5.1.2) lib/rails/rack/logger.rb:24:in `call'
sprockets-rails (3.2.0) lib/sprockets/rails/quiet_assets.rb:13:in `call'
actionpack (5.1.2) lib/action_dispatch/middleware/remote_ip.rb:79:in `call'
actionpack (5.1.2) lib/action_dispatch/middleware/request_id.rb:25:in `call'
rack (2.0.3) lib/rack/method_override.rb:22:in `call'
rack (2.0.3) lib/rack/runtime.rb:22:in `call'
activesupport (5.1.2) lib/active_support/cache/strategy/local_cache_middleware.rb:27:in `call'
actionpack (5.1.2) lib/action_dispatch/middleware/executor.rb:12:in `call'
actionpack (5.1.2) lib/action_dispatch/middleware/static.rb:125:in `call'
rack (2.0.3) lib/rack/sendfile.rb:111:in `call'
railties (5.1.2) lib/rails/engine.rb:522:in `call'
puma (3.9.1) lib/puma/configuration.rb:224:in `call'
puma (3.9.1) lib/puma/server.rb:602:in `handle_request'
puma (3.9.1) lib/puma/server.rb:435:in `process_client'
puma (3.9.1) lib/puma/server.rb:299:in `block in run'
puma (3.9.1) lib/puma/thread_pool.rb:120:in `block in spawn_thread'
Started GET "/main_controller/index" for 127.0.0.1 at 2017-07-27 12:11:24 -0300
Processing by MainControllerController#index as HTML
  Rendering main_controller/index.html.slim within layouts/application
  Rendered main_controller/index.html.slim within layouts/application (10.1ms)
Completed 200 OK in 37ms (Views: 34.5ms)


Started GET "/app/assets/images/phone.png" for 127.0.0.1 at 2017-07-27 12:11:24 -0300
  
ActionController::RoutingError (No route matches [GET] "/app/assets/images/phone.png"):
  
actionpack (5.1.2) lib/action_dispatch/middleware/debug_exceptions.rb:63:in `call'
web-console (3.5.1) lib/web_console/middleware.rb:135:in `call_app'
web-console (3.5.1) lib/web_console/middleware.rb:28:in `block in call'
web-console (3.5.1) lib/web_console/middleware.rb:18:in `catch'
web-console (3.5.1) lib/web_console/middleware.rb:18:in `call'
actionpack (5.1.2) lib/action_dispatch/middleware/show_exceptions.rb:31:in `call'
railties (5.1.2) lib/rails/rack/logger.rb:36:in `call_app'
railties (5.1.2) lib/rails/rack/logger.rb:24:in `block in call'
activesupport (5.1.2) lib/active_support/tagged_logging.rb:69:in `block in tagged'
activesupport (5.1.2) lib/active_support/tagged_logging.rb:26:in `tagged'
activesupport (5.1.2) lib/active_support/tagged_logging.rb:69:in `tagged'
railties (5.1.2) lib/rails/rack/logger.rb:24:in `call'
sprockets-rails (3.2.0) lib/sprockets/rails/quiet_assets.rb:13:in `call'
actionpack (5.1.2) lib/action_dispatch/middleware/remote_ip.rb:79:in `call'
actionpack (5.1.2) lib/action_dispatch/middleware/request_id.rb:25:in `call'
rack (2.0.3) lib/rack/method_override.rb:22:in `call'
rack (2.0.3) lib/rack/runtime.rb:22:in `call'
activesupport (5.1.2) lib/active_support/cache/strategy/local_cache_middleware.rb:27:in `call'
actionpack (5.1.2) lib/action_dispatch/middleware/executor.rb:12:in `call'
actionpack (5.1.2) lib/action_dispatch/middleware/static.rb:125:in `call'
rack (2.0.3) lib/rack/sendfile.rb:111:in `call'
railties (5.1.2) lib/rails/engine.rb:522:in `call'
puma (3.9.1) lib/puma/configuration.rb:224:in `call'
puma (3.9.1) lib/puma/server.rb:602:in `handle_request'
puma (3.9.1) lib/puma/server.rb:435:in `process_client'
puma (3.9.1) lib/puma/server.rb:299:in `block in run'
puma (3.9.1) lib/puma/thread_pool.rb:120:in `block in spawn_thread'
Started GET "/app/assets/images/phone.png" for 127.0.0.1 at 2017-07-27 12:11:28 -0300
  
ActionController::RoutingError (No route matches [GET] "/app/assets/images/phone.png"):
  
actionpack (5.1.2) lib/action_dispatch/middleware/debug_exceptions.rb:63:in `call'
web-console (3.5.1) lib/web_console/middleware.rb:135:in `call_app'
web-console (3.5.1) lib/web_console/middleware.rb:28:in `block in call'
web-console (3.5.1) lib/web_console/middleware.rb:18:in `catch'
web-console (3.5.1) lib/web_console/middleware.rb:18:in `call'
actionpack (5.1.2) lib/action_dispatch/middleware/show_exceptions.rb:31:in `call'
railties (5.1.2) lib/rails/rack/logger.rb:36:in `call_app'
railties (5.1.2) lib/rails/rack/logger.rb:24:in `block in call'
activesupport (5.1.2) lib/active_support/tagged_logging.rb:69:in `block in tagged'
activesupport (5.1.2) lib/active_support/tagged_logging.rb:26:in `tagged'
activesupport (5.1.2) lib/active_support/tagged_logging.rb:69:in `tagged'
railties (5.1.2) lib/rails/rack/logger.rb:24:in `call'
sprockets-rails (3.2.0) lib/sprockets/rails/quiet_assets.rb:13:in `call'
actionpack (5.1.2) lib/action_dispatch/middleware/remote_ip.rb:79:in `call'
actionpack (5.1.2) lib/action_dispatch/middleware/request_id.rb:25:in `call'
rack (2.0.3) lib/rack/method_override.rb:22:in `call'
rack (2.0.3) lib/rack/runtime.rb:22:in `call'
activesupport (5.1.2) lib/active_support/cache/strategy/local_cache_middleware.rb:27:in `call'
actionpack (5.1.2) lib/action_dispatch/middleware/executor.rb:12:in `call'
actionpack (5.1.2) lib/action_dispatch/middleware/static.rb:125:in `call'
rack (2.0.3) lib/rack/sendfile.rb:111:in `call'
railties (5.1.2) lib/rails/engine.rb:522:in `call'
puma (3.9.1) lib/puma/configuration.rb:224:in `call'
puma (3.9.1) lib/puma/server.rb:602:in `handle_request'
puma (3.9.1) lib/puma/server.rb:435:in `process_client'
puma (3.9.1) lib/puma/server.rb:299:in `block in run'
puma (3.9.1) lib/puma/thread_pool.rb:120:in `block in spawn_thread'
Started GET "/main_controller/index" for 127.0.0.1 at 2017-07-27 12:13:29 -0300
Processing by MainControllerController#index as HTML
  Rendering main_controller/index.html.slim within layouts/application
  Rendered main_controller/index.html.slim within layouts/application (3.6ms)
Completed 200 OK in 20ms (Views: 18.0ms)


Started GET "/main_controller/phone.png" for 127.0.0.1 at 2017-07-27 12:13:29 -0300
  
ActionController::RoutingError (No route matches [GET] "/main_controller/phone.png"):
  
actionpack (5.1.2) lib/action_dispatch/middleware/debug_exceptions.rb:63:in `call'
web-console (3.5.1) lib/web_console/middleware.rb:135:in `call_app'
web-console (3.5.1) lib/web_console/middleware.rb:28:in `block in call'
web-console (3.5.1) lib/web_console/middleware.rb:18:in `catch'
web-console (3.5.1) lib/web_console/middleware.rb:18:in `call'
actionpack (5.1.2) lib/action_dispatch/middleware/show_exceptions.rb:31:in `call'
railties (5.1.2) lib/rails/rack/logger.rb:36:in `call_app'
railties (5.1.2) lib/rails/rack/logger.rb:24:in `block in call'
activesupport (5.1.2) lib/active_support/tagged_logging.rb:69:in `block in tagged'
activesupport (5.1.2) lib/active_support/tagged_logging.rb:26:in `tagged'
activesupport (5.1.2) lib/active_support/tagged_logging.rb:69:in `tagged'
railties (5.1.2) lib/rails/rack/logger.rb:24:in `call'
sprockets-rails (3.2.0) lib/sprockets/rails/quiet_assets.rb:13:in `call'
actionpack (5.1.2) lib/action_dispatch/middleware/remote_ip.rb:79:in `call'
actionpack (5.1.2) lib/action_dispatch/middleware/request_id.rb:25:in `call'
rack (2.0.3) lib/rack/method_override.rb:22:in `call'
rack (2.0.3) lib/rack/runtime.rb:22:in `call'
activesupport (5.1.2) lib/active_support/cache/strategy/local_cache_middleware.rb:27:in `call'
actionpack (5.1.2) lib/action_dispatch/middleware/executor.rb:12:in `call'
actionpack (5.1.2) lib/action_dispatch/middleware/static.rb:125:in `call'
rack (2.0.3) lib/rack/sendfile.rb:111:in `call'
railties (5.1.2) lib/rails/engine.rb:522:in `call'
puma (3.9.1) lib/puma/configuration.rb:224:in `call'
puma (3.9.1) lib/puma/server.rb:602:in `handle_request'
puma (3.9.1) lib/puma/server.rb:435:in `process_client'
puma (3.9.1) lib/puma/server.rb:299:in `block in run'
puma (3.9.1) lib/puma/thread_pool.rb:120:in `block in spawn_thread'
Started GET "/main_controller/index" for 127.0.0.1 at 2017-07-27 12:25:16 -0300
Processing by MainControllerController#index as HTML
  Rendering main_controller/index.html.slim within layouts/application
  Rendered main_controller/index.html.slim within layouts/application (10.4ms)
Completed 500 Internal Server Error in 18ms


  
ActionView::Template::Error (wrong number of arguments (given 0, expected 1..2)):
    1: .top-section.flex
    2:   img src = asset_path "phone.png"
    3: .middle-section.flex
    4:   h1
    5:     | Middle Section
  
app/views/main_controller/index.html.slim:2:in `_app_views_main_controller_index_html_slim___4114843080938603883_46924599512380'
Started GET "/main_controller/index" for 127.0.0.1 at 2017-07-27 12:25:55 -0300
Processing by MainControllerController#index as HTML
  Rendering main_controller/index.html.slim within layouts/application
  Rendered main_controller/index.html.slim within layouts/application (4.3ms)
Completed 500 Internal Server Error in 8ms


  
ActionView::Template::Error (wrong number of arguments (given 0, expected 1..2)):
    1: .top-section.flex
    2:   img src =asset_path "phone.png"
    3: .middle-section.flex
    4:   h1
    5:     | Middle Section
  
app/views/main_controller/index.html.slim:2:in `_app_views_main_controller_index_html_slim___4114843080938603883_46924584594660'
Started GET "/main_controller/index" for 127.0.0.1 at 2017-07-27 12:28:03 -0300
Processing by MainControllerController#index as HTML
  Rendering main_controller/index.html.slim within layouts/application
  Rendered main_controller/index.html.slim within layouts/application (9.2ms)
Completed 500 Internal Server Error in 17ms


  
ActionView::Template::Error (wrong number of arguments (given 0, expected 1..2)):
    1: .top-section.flex
    2:   img src=asset_path "phone.png"
    3: .middle-section.flex
    4:   h1
    5:     | Middle Section
  
app/views/main_controller/index.html.slim:2:in `_app_views_main_controller_index_html_slim___4114843080938603883_46924590457040'
Started GET "/main_controller/index" for 127.0.0.1 at 2017-07-27 12:31:37 -0300
Processing by MainControllerController#index as HTML
  Rendering main_controller/index.html.slim within layouts/application
  Rendered main_controller/index.html.slim within layouts/application (36.7ms)
Completed 200 OK in 52ms (Views: 49.7ms)


Started GET "/main_controller/index" for 127.0.0.1 at 2017-07-27 12:34:56 -0300
Processing by MainControllerController#index as HTML
  Rendering main_controller/index.html.slim within layouts/application
  Rendered main_controller/index.html.slim within layouts/application (12.3ms)
Completed 200 OK in 34ms (Views: 31.6ms)


Started GET "/main_controller/index" for 127.0.0.1 at 2017-07-27 12:41:57 -0300
Processing by MainControllerController#index as HTML
  Rendering main_controller/index.html.slim within layouts/application
  Rendered main_controller/index.html.slim within layouts/application (14.0ms)
Completed 200 OK in 34ms (Views: 31.6ms)


Started GET "/main_controller/index" for 127.0.0.1 at 2017-07-27 12:43:20 -0300
Processing by MainControllerController#index as HTML
  Rendering main_controller/index.html.slim within layouts/application
  Rendered main_controller/index.html.slim within layouts/application (13.6ms)
Completed 200 OK in 43ms (Views: 40.7ms)


Started GET "/main_controller/index" for 127.0.0.1 at 2017-07-27 12:45:47 -0300
Processing by MainControllerController#index as HTML
  Rendering main_controller/index.html.slim within layouts/application
  Rendered main_controller/index.html.slim within layouts/application (10.8ms)
Completed 200 OK in 40ms (Views: 37.7ms)


Started GET "/main_controller/index" for 127.0.0.1 at 2017-07-27 12:48:14 -0300
Processing by MainControllerController#index as HTML
  Rendering main_controller/index.html.slim within layouts/application
  Rendered main_controller/index.html.slim within layouts/application (8.1ms)
Completed 200 OK in 37ms (Views: 36.0ms)


Started GET "/main_controller/index" for 127.0.0.1 at 2017-07-27 12:52:10 -0300
Processing by MainControllerController#index as HTML
  Rendering main_controller/index.html.slim within layouts/application
  Rendered main_controller/index.html.slim within layouts/application (12.8ms)
Completed 200 OK in 54ms (Views: 51.1ms)


Started GET "/main_controller/index" for 127.0.0.1 at 2017-07-27 12:52:12 -0300
Processing by MainControllerController#index as HTML
  Rendering main_controller/index.html.slim within layouts/application
  Rendered main_controller/index.html.slim within layouts/application (6.2ms)
Completed 200 OK in 16ms (Views: 15.0ms)


Started GET "/main_controller/index" for 127.0.0.1 at 2017-07-27 12:53:27 -0300
Processing by MainControllerController#index as HTML
  Rendering main_controller/index.html.slim within layouts/application
  Rendered main_controller/index.html.slim within layouts/application (11.1ms)
Completed 200 OK in 54ms (Views: 52.0ms)


Started GET "/main_controller/index" for 127.0.0.1 at 2017-07-27 12:56:09 -0300
Processing by MainControllerController#index as HTML
  Rendering main_controller/index.html.slim within layouts/application
  Rendered main_controller/index.html.slim within layouts/application (3.3ms)
Completed 200 OK in 22ms (Views: 21.0ms)


Started GET "/main_controller/index" for 127.0.0.1 at 2017-07-27 13:02:16 -0300
Processing by MainControllerController#index as HTML
  Rendering main_controller/index.html.slim within layouts/application
  Rendered main_controller/index.html.slim within layouts/application (8.3ms)
Completed 500 Internal Server Error in 31ms


  
ActionView::Template::Error (Undefined variable: "$black".):
    4:     <title>WbooksApi</title>
    5:     <%= csrf_meta_tags %>
    6: 
    7:     <%= stylesheet_link_tag    'application', media: 'all', 'data-turbolinks-track': 'reload' %>
    8:     <%= javascript_include_tag 'application', 'data-turbolinks-track': 'reload' %>
    9:   </head>
   10: 
  
app/assets/stylesheets/equalizer.scss:22
app/assets/stylesheets/application.scss:3
app/views/layouts/application.html.erb:7:in `_app_views_layouts_application_html_erb__1826822070852396091_46924584089520'
Started GET "/main_controller/index" for 127.0.0.1 at 2017-07-27 13:02:54 -0300
Processing by MainControllerController#index as HTML
  Rendering main_controller/index.html.slim within layouts/application
  Rendered main_controller/index.html.slim within layouts/application (14.5ms)
Completed 500 Internal Server Error in 32ms


  
ActionView::Template::Error (Undefined variable: "$white".):
    4:     <title>WbooksApi</title>
    5:     <%= csrf_meta_tags %>
    6: 
    7:     <%= stylesheet_link_tag    'application', media: 'all', 'data-turbolinks-track': 'reload' %>
    8:     <%= javascript_include_tag 'application', 'data-turbolinks-track': 'reload' %>
    9:   </head>
   10: 
  
app/assets/stylesheets/equalizer.scss:72
app/assets/stylesheets/application.scss:3
app/views/layouts/application.html.erb:7:in `_app_views_layouts_application_html_erb__1826822070852396091_46924589498600'
Started GET "/main_controller/index" for 127.0.0.1 at 2017-07-27 13:03:33 -0300
Processing by MainControllerController#index as HTML
  Rendering main_controller/index.html.slim within layouts/application
  Rendered main_controller/index.html.slim within layouts/application (6.4ms)
Completed 200 OK in 48ms (Views: 46.8ms)


Started GET "/main_controller/index" for 127.0.0.1 at 2017-07-27 13:07:02 -0300
Processing by MainControllerController#index as HTML
  Rendering main_controller/index.html.slim within layouts/application
  Rendered main_controller/index.html.slim within layouts/application (12.2ms)
Completed 200 OK in 50ms (Views: 48.1ms)


Started GET "/main_controller/index" for 127.0.0.1 at 2017-07-27 13:07:44 -0300
Processing by MainControllerController#index as HTML
  Rendering main_controller/index.html.slim within layouts/application
  Rendered main_controller/index.html.slim within layouts/application (12.8ms)
Completed 200 OK in 53ms (Views: 50.8ms)


Started GET "/main_controller/index" for 127.0.0.1 at 2017-07-27 13:07:51 -0300
Processing by MainControllerController#index as HTML
  Rendering main_controller/index.html.slim within layouts/application
  Rendered main_controller/index.html.slim within layouts/application (4.3ms)
Completed 200 OK in 17ms (Views: 15.3ms)


Started GET "/main_controller/index" for 127.0.0.1 at 2017-07-27 13:08:18 -0300
Processing by MainControllerController#index as HTML
  Rendering main_controller/index.html.slim within layouts/application
  Rendered main_controller/index.html.slim within layouts/application (13.9ms)
Completed 200 OK in 58ms (Views: 56.2ms)


Started GET "/main_controller/index" for 127.0.0.1 at 2017-07-27 13:08:46 -0300
Processing by MainControllerController#index as HTML
  Rendering main_controller/index.html.slim within layouts/application
  Rendered main_controller/index.html.slim within layouts/application (12.2ms)
Completed 200 OK in 52ms (Views: 49.7ms)


Started GET "/main_controller/index" for 127.0.0.1 at 2017-07-27 13:09:12 -0300
Processing by MainControllerController#index as HTML
  Rendering main_controller/index.html.slim within layouts/application
  Rendered main_controller/index.html.slim within layouts/application (13.4ms)
Completed 200 OK in 50ms (Views: 47.3ms)


Started GET "/main_controller/index" for 127.0.0.1 at 2017-07-27 13:13:14 -0300
Processing by MainControllerController#index as HTML
  Rendering main_controller/index.html.slim within layouts/application
  Rendered main_controller/index.html.slim within layouts/application (5.7ms)
Completed 200 OK in 55ms (Views: 54.4ms)


Started GET "/main_controller/index" for 127.0.0.1 at 2017-07-27 13:13:35 -0300
Processing by MainControllerController#index as HTML
  Rendering main_controller/index.html.slim within layouts/application
  Rendered main_controller/index.html.slim within layouts/application (9.9ms)
Completed 200 OK in 22ms (Views: 20.3ms)


Started GET "/main_controller/index" for 127.0.0.1 at 2017-07-27 13:17:37 -0300
Processing by MainControllerController#index as HTML
  Rendering main_controller/index.html.slim within layouts/application
  Rendered main_controller/index.html.slim within layouts/application (13.4ms)
Completed 200 OK in 57ms (Views: 54.6ms)


Started GET "/main_controller/index" for 127.0.0.1 at 2017-07-27 13:18:00 -0300
Processing by MainControllerController#index as HTML
  Rendering main_controller/index.html.slim within layouts/application
  Rendered main_controller/index.html.slim within layouts/application (5.6ms)
Completed 200 OK in 38ms (Views: 37.6ms)


Started GET "/main_controller/index" for 127.0.0.1 at 2017-07-27 13:18:33 -0300
Processing by MainControllerController#index as HTML
  Rendering main_controller/index.html.slim within layouts/application
  Rendered main_controller/index.html.slim within layouts/application (15.4ms)
Completed 200 OK in 68ms (Views: 66.3ms)


Started GET "/main_controller/index" for 127.0.0.1 at 2017-07-27 13:19:00 -0300
Processing by MainControllerController#index as HTML
  Rendering main_controller/index.html.slim within layouts/application
  Rendered main_controller/index.html.slim within layouts/application (5.5ms)
Completed 200 OK in 39ms (Views: 38.3ms)


Started GET "/main_controller/index" for 127.0.0.1 at 2017-07-27 13:19:44 -0300
Processing by MainControllerController#index as HTML
  Rendering main_controller/index.html.slim within layouts/application
  Rendered main_controller/index.html.slim within layouts/application (7.1ms)
Completed 200 OK in 44ms (Views: 43.3ms)


Started GET "/main_controller/index" for 127.0.0.1 at 2017-07-27 13:19:56 -0300
Processing by MainControllerController#index as HTML
  Rendering main_controller/index.html.slim within layouts/application
  Rendered main_controller/index.html.slim within layouts/application (14.6ms)
Completed 200 OK in 61ms (Views: 57.9ms)


Started GET "/main_controller/index" for 127.0.0.1 at 2017-07-27 13:32:43 -0300
Processing by MainControllerController#index as HTML
  Rendering main_controller/index.html.slim within layouts/application
  Rendered main_controller/index.html.slim within layouts/application (73.4ms)
Completed 500 Internal Server Error in 79ms


  
ActionView::Template::Error (The asset "ic_remminder.png" is not present in the asset pipeline.):
     5: .middle-section.flex.full-width
     6:   = image_tag("ic_list.png", :class => ["icon", "margin-20"])
     7:   = image_tag("ic_safe.png", :class => ["icon", "margin-20"])
     8:   = image_tag("ic_remminder.png", :class => ["icon", "margin-20"])
     9: .bottom-section.flex.full-width
    10:   h1
    11:     | Bottom Section
  
app/views/main_controller/index.html.slim:8:in `_app_views_main_controller_index_html_slim___4114843080938603883_46924578341720'
Started GET "/main_controller/index" for 127.0.0.1 at 2017-07-27 13:33:20 -0300
Processing by MainControllerController#index as HTML
  Rendering main_controller/index.html.slim within layouts/application
  Rendered main_controller/index.html.slim within layouts/application (7.8ms)
Completed 200 OK in 35ms (Views: 33.9ms)


Started GET "/main_controller/index" for 127.0.0.1 at 2017-07-27 13:33:54 -0300
Processing by MainControllerController#index as HTML
  Rendering main_controller/index.html.slim within layouts/application
  Rendered main_controller/index.html.slim within layouts/application (7.8ms)
Completed 200 OK in 37ms (Views: 36.5ms)


Started GET "/main_controller/index" for 127.0.0.1 at 2017-07-27 13:37:37 -0300
Processing by MainControllerController#index as HTML
  Rendering main_controller/index.html.slim within layouts/application
  Rendered main_controller/index.html.slim within layouts/application (19.1ms)
Completed 200 OK in 40ms (Views: 37.4ms)


Started GET "/main_controller/index" for 127.0.0.1 at 2017-07-27 13:38:53 -0300
Processing by MainControllerController#index as HTML
  Rendering main_controller/index.html.slim within layouts/application
  Rendered main_controller/index.html.slim within layouts/application (21.5ms)
Completed 200 OK in 43ms (Views: 40.9ms)


Started GET "/main_controller/index" for 127.0.0.1 at 2017-07-27 14:12:23 -0300
Processing by MainControllerController#index as HTML
  Rendering main_controller/index.html.slim within layouts/application
  Rendered main_controller/index.html.slim within layouts/application (18.7ms)
Completed 200 OK in 44ms (Views: 41.2ms)


Started GET "/main_controller/index" for 127.0.0.1 at 2017-07-27 14:15:08 -0300
Processing by MainControllerController#index as HTML
  Rendering main_controller/index.html.slim within layouts/application
  Rendered main_controller/index.html.slim within layouts/application (34.4ms)
Completed 200 OK in 81ms (Views: 78.5ms)


Started GET "/main_controller/index" for 127.0.0.1 at 2017-07-27 14:16:05 -0300
Processing by MainControllerController#index as HTML
  Rendering main_controller/index.html.slim within layouts/application
  Rendered main_controller/index.html.slim within layouts/application (21.1ms)
Completed 200 OK in 63ms (Views: 60.8ms)


Started GET "/main_controller/index" for 127.0.0.1 at 2017-07-27 14:16:47 -0300
Processing by MainControllerController#index as HTML
  Rendering main_controller/index.html.slim within layouts/application
  Rendered main_controller/index.html.slim within layouts/application (8.5ms)
Completed 200 OK in 45ms (Views: 44.0ms)


Started GET "/main_controller/index" for 127.0.0.1 at 2017-07-27 14:17:37 -0300
Processing by MainControllerController#index as HTML
  Rendering main_controller/index.html.slim within layouts/application
  Rendered main_controller/index.html.slim within layouts/application (8.6ms)
Completed 200 OK in 48ms (Views: 47.7ms)


Started GET "/main_controller/index" for 127.0.0.1 at 2017-07-27 14:18:15 -0300
Processing by MainControllerController#index as HTML
  Rendering main_controller/index.html.slim within layouts/application
  Rendered main_controller/index.html.slim within layouts/application (23.5ms)
Completed 200 OK in 74ms (Views: 71.8ms)


Started GET "/main_controller/index" for 127.0.0.1 at 2017-07-27 14:19:28 -0300
Processing by MainControllerController#index as HTML
  Rendering main_controller/index.html.slim within layouts/application
  Rendered main_controller/index.html.slim within layouts/application (8.6ms)
Completed 200 OK in 48ms (Views: 45.9ms)


Started GET "/main_controller/index" for 127.0.0.1 at 2017-07-27 14:20:21 -0300
Processing by MainControllerController#index as HTML
  Rendering main_controller/index.html.slim within layouts/application
  Rendered main_controller/index.html.slim within layouts/application (13.4ms)
Completed 200 OK in 32ms (Views: 30.2ms)


Started GET "/main_controller/index" for 127.0.0.1 at 2017-07-27 14:21:19 -0300
Processing by MainControllerController#index as HTML
  Rendering main_controller/index.html.slim within layouts/application
  Rendered main_controller/index.html.slim within layouts/application (9.8ms)
Completed 200 OK in 47ms (Views: 46.1ms)


Started GET "/main_controller/index" for 127.0.0.1 at 2017-07-27 14:22:17 -0300
Processing by MainControllerController#index as HTML
  Rendering main_controller/index.html.slim within layouts/application
  Rendered main_controller/index.html.slim within layouts/application (9.3ms)
Completed 200 OK in 45ms (Views: 44.5ms)


Started GET "/main_controller/index" for 127.0.0.1 at 2017-07-27 14:22:31 -0300
Processing by MainControllerController#index as HTML
  Rendering main_controller/index.html.slim within layouts/application
  Rendered main_controller/index.html.slim within layouts/application (9.6ms)
Completed 200 OK in 48ms (Views: 47.0ms)


Started GET "/main_controller/index" for 127.0.0.1 at 2017-07-27 14:23:00 -0300
Processing by MainControllerController#index as HTML
  Rendering main_controller/index.html.slim within layouts/application
  Rendered main_controller/index.html.slim within layouts/application (13.5ms)
Completed 200 OK in 50ms (Views: 49.3ms)


Started GET "/main_controller/index" for 127.0.0.1 at 2017-07-27 14:24:09 -0300
Processing by MainControllerController#index as HTML
  Rendering main_controller/index.html.slim within layouts/application
  Rendered main_controller/index.html.slim within layouts/application (8.9ms)
Completed 200 OK in 19ms (Views: 17.3ms)


Started GET "/main_controller/index" for 127.0.0.1 at 2017-07-27 14:24:38 -0300
Processing by MainControllerController#index as HTML
  Rendering main_controller/index.html.slim within layouts/application
  Rendered main_controller/index.html.slim within layouts/application (21.1ms)
Completed 200 OK in 69ms (Views: 66.7ms)


Started GET "/main_controller/index" for 127.0.0.1 at 2017-07-27 14:25:22 -0300
Processing by MainControllerController#index as HTML
  Rendering main_controller/index.html.slim within layouts/application
  Rendered main_controller/index.html.slim within layouts/application (10.7ms)
Completed 200 OK in 52ms (Views: 51.5ms)


Started GET "/main_controller/index" for 127.0.0.1 at 2017-07-27 14:27:12 -0300
Processing by MainControllerController#index as HTML
  Rendering main_controller/index.html.slim within layouts/application
  Rendered main_controller/index.html.slim within layouts/application (16.0ms)
Completed 200 OK in 68ms (Views: 67.6ms)


Started GET "/main_controller/index" for 127.0.0.1 at 2017-07-27 14:30:48 -0300
Processing by MainControllerController#index as HTML
  Rendering main_controller/index.html.slim within layouts/application
  Rendered main_controller/index.html.slim within layouts/application (9.1ms)
Completed 200 OK in 51ms (Views: 50.6ms)


  
ActionController::RoutingError (No route matches [GET] "/assets/assets/images/triangle.png"):
  
actionpack (5.1.2) lib/action_dispatch/middleware/debug_exceptions.rb:63:in `call'
web-console (3.5.1) lib/web_console/middleware.rb:135:in `call_app'
web-console (3.5.1) lib/web_console/middleware.rb:28:in `block in call'
web-console (3.5.1) lib/web_console/middleware.rb:18:in `catch'
web-console (3.5.1) lib/web_console/middleware.rb:18:in `call'
actionpack (5.1.2) lib/action_dispatch/middleware/show_exceptions.rb:31:in `call'
railties (5.1.2) lib/rails/rack/logger.rb:36:in `call_app'
railties (5.1.2) lib/rails/rack/logger.rb:24:in `block in call'
activesupport (5.1.2) lib/active_support/tagged_logging.rb:69:in `block in tagged'
activesupport (5.1.2) lib/active_support/tagged_logging.rb:26:in `tagged'
activesupport (5.1.2) lib/active_support/tagged_logging.rb:69:in `tagged'
railties (5.1.2) lib/rails/rack/logger.rb:24:in `call'
sprockets-rails (3.2.0) lib/sprockets/rails/quiet_assets.rb:11:in `block in call'
activesupport (5.1.2) lib/active_support/logger_silence.rb:20:in `silence'
activesupport (5.1.2) lib/active_support/logger.rb:63:in `block (3 levels) in broadcast'
activesupport (5.1.2) lib/active_support/logger_silence.rb:20:in `silence'
activesupport (5.1.2) lib/active_support/logger.rb:61:in `block (2 levels) in broadcast'
sprockets-rails (3.2.0) lib/sprockets/rails/quiet_assets.rb:11:in `call'
actionpack (5.1.2) lib/action_dispatch/middleware/remote_ip.rb:79:in `call'
actionpack (5.1.2) lib/action_dispatch/middleware/request_id.rb:25:in `call'
rack (2.0.3) lib/rack/method_override.rb:22:in `call'
rack (2.0.3) lib/rack/runtime.rb:22:in `call'
activesupport (5.1.2) lib/active_support/cache/strategy/local_cache_middleware.rb:27:in `call'
actionpack (5.1.2) lib/action_dispatch/middleware/executor.rb:12:in `call'
actionpack (5.1.2) lib/action_dispatch/middleware/static.rb:125:in `call'
rack (2.0.3) lib/rack/sendfile.rb:111:in `call'
railties (5.1.2) lib/rails/engine.rb:522:in `call'
puma (3.9.1) lib/puma/configuration.rb:224:in `call'
puma (3.9.1) lib/puma/server.rb:602:in `handle_request'
puma (3.9.1) lib/puma/server.rb:435:in `process_client'
puma (3.9.1) lib/puma/server.rb:299:in `block in run'
puma (3.9.1) lib/puma/thread_pool.rb:120:in `block in spawn_thread'
Started GET "/main_controller/index" for 127.0.0.1 at 2017-07-27 14:31:16 -0300
Processing by MainControllerController#index as HTML
  Rendering main_controller/index.html.slim within layouts/application
  Rendered main_controller/index.html.slim within layouts/application (8.9ms)
Completed 200 OK in 48ms (Views: 47.1ms)


  
ActionController::RoutingError (No route matches [GET] "/assets/assets/images/triangle.png"):
  
actionpack (5.1.2) lib/action_dispatch/middleware/debug_exceptions.rb:63:in `call'
web-console (3.5.1) lib/web_console/middleware.rb:135:in `call_app'
web-console (3.5.1) lib/web_console/middleware.rb:28:in `block in call'
web-console (3.5.1) lib/web_console/middleware.rb:18:in `catch'
web-console (3.5.1) lib/web_console/middleware.rb:18:in `call'
actionpack (5.1.2) lib/action_dispatch/middleware/show_exceptions.rb:31:in `call'
railties (5.1.2) lib/rails/rack/logger.rb:36:in `call_app'
railties (5.1.2) lib/rails/rack/logger.rb:24:in `block in call'
activesupport (5.1.2) lib/active_support/tagged_logging.rb:69:in `block in tagged'
activesupport (5.1.2) lib/active_support/tagged_logging.rb:26:in `tagged'
activesupport (5.1.2) lib/active_support/tagged_logging.rb:69:in `tagged'
railties (5.1.2) lib/rails/rack/logger.rb:24:in `call'
sprockets-rails (3.2.0) lib/sprockets/rails/quiet_assets.rb:11:in `block in call'
activesupport (5.1.2) lib/active_support/logger_silence.rb:20:in `silence'
activesupport (5.1.2) lib/active_support/logger.rb:63:in `block (3 levels) in broadcast'
activesupport (5.1.2) lib/active_support/logger_silence.rb:20:in `silence'
activesupport (5.1.2) lib/active_support/logger.rb:61:in `block (2 levels) in broadcast'
sprockets-rails (3.2.0) lib/sprockets/rails/quiet_assets.rb:11:in `call'
actionpack (5.1.2) lib/action_dispatch/middleware/remote_ip.rb:79:in `call'
actionpack (5.1.2) lib/action_dispatch/middleware/request_id.rb:25:in `call'
rack (2.0.3) lib/rack/method_override.rb:22:in `call'
rack (2.0.3) lib/rack/runtime.rb:22:in `call'
activesupport (5.1.2) lib/active_support/cache/strategy/local_cache_middleware.rb:27:in `call'
actionpack (5.1.2) lib/action_dispatch/middleware/executor.rb:12:in `call'
actionpack (5.1.2) lib/action_dispatch/middleware/static.rb:125:in `call'
rack (2.0.3) lib/rack/sendfile.rb:111:in `call'
railties (5.1.2) lib/rails/engine.rb:522:in `call'
puma (3.9.1) lib/puma/configuration.rb:224:in `call'
puma (3.9.1) lib/puma/server.rb:602:in `handle_request'
puma (3.9.1) lib/puma/server.rb:435:in `process_client'
puma (3.9.1) lib/puma/server.rb:299:in `block in run'
puma (3.9.1) lib/puma/thread_pool.rb:120:in `block in spawn_thread'
  
ActionController::RoutingError (No route matches [GET] "/assets/assets/images/triangle.png"):
  
actionpack (5.1.2) lib/action_dispatch/middleware/debug_exceptions.rb:63:in `call'
web-console (3.5.1) lib/web_console/middleware.rb:135:in `call_app'
web-console (3.5.1) lib/web_console/middleware.rb:28:in `block in call'
web-console (3.5.1) lib/web_console/middleware.rb:18:in `catch'
web-console (3.5.1) lib/web_console/middleware.rb:18:in `call'
actionpack (5.1.2) lib/action_dispatch/middleware/show_exceptions.rb:31:in `call'
railties (5.1.2) lib/rails/rack/logger.rb:36:in `call_app'
railties (5.1.2) lib/rails/rack/logger.rb:24:in `block in call'
activesupport (5.1.2) lib/active_support/tagged_logging.rb:69:in `block in tagged'
activesupport (5.1.2) lib/active_support/tagged_logging.rb:26:in `tagged'
activesupport (5.1.2) lib/active_support/tagged_logging.rb:69:in `tagged'
railties (5.1.2) lib/rails/rack/logger.rb:24:in `call'
sprockets-rails (3.2.0) lib/sprockets/rails/quiet_assets.rb:11:in `block in call'
activesupport (5.1.2) lib/active_support/logger_silence.rb:20:in `silence'
activesupport (5.1.2) lib/active_support/logger.rb:63:in `block (3 levels) in broadcast'
activesupport (5.1.2) lib/active_support/logger_silence.rb:20:in `silence'
activesupport (5.1.2) lib/active_support/logger.rb:61:in `block (2 levels) in broadcast'
sprockets-rails (3.2.0) lib/sprockets/rails/quiet_assets.rb:11:in `call'
actionpack (5.1.2) lib/action_dispatch/middleware/remote_ip.rb:79:in `call'
actionpack (5.1.2) lib/action_dispatch/middleware/request_id.rb:25:in `call'
rack (2.0.3) lib/rack/method_override.rb:22:in `call'
rack (2.0.3) lib/rack/runtime.rb:22:in `call'
activesupport (5.1.2) lib/active_support/cache/strategy/local_cache_middleware.rb:27:in `call'
actionpack (5.1.2) lib/action_dispatch/middleware/executor.rb:12:in `call'
actionpack (5.1.2) lib/action_dispatch/middleware/static.rb:125:in `call'
rack (2.0.3) lib/rack/sendfile.rb:111:in `call'
railties (5.1.2) lib/rails/engine.rb:522:in `call'
puma (3.9.1) lib/puma/configuration.rb:224:in `call'
puma (3.9.1) lib/puma/server.rb:602:in `handle_request'
puma (3.9.1) lib/puma/server.rb:435:in `process_client'
puma (3.9.1) lib/puma/server.rb:299:in `block in run'
puma (3.9.1) lib/puma/thread_pool.rb:120:in `block in spawn_thread'
Started GET "/main_controller/index" for 127.0.0.1 at 2017-07-27 14:35:23 -0300
Processing by MainControllerController#index as HTML
  Rendering main_controller/index.html.slim within layouts/application
  Rendered main_controller/index.html.slim within layouts/application (18.5ms)
Completed 200 OK in 75ms (Views: 73.3ms)


Started GET "/main_controller/index" for 127.0.0.1 at 2017-07-27 14:36:48 -0300
Processing by MainControllerController#index as HTML
  Rendering main_controller/index.html.slim within layouts/application
  Rendered main_controller/index.html.slim within layouts/application (18.5ms)
Completed 200 OK in 70ms (Views: 66.6ms)


Started GET "/main_controller/index" for 127.0.0.1 at 2017-07-27 14:38:18 -0300
Processing by MainControllerController#index as HTML
  Rendering main_controller/index.html.slim within layouts/application
  Rendered main_controller/index.html.slim within layouts/application (9.9ms)
Completed 200 OK in 53ms (Views: 51.7ms)


Started GET "/main_controller/index" for 127.0.0.1 at 2017-07-27 14:39:07 -0300
Processing by MainControllerController#index as HTML
  Rendering main_controller/index.html.slim within layouts/application
  Rendered main_controller/index.html.slim within layouts/application (11.9ms)
Completed 200 OK in 65ms (Views: 64.5ms)


Started GET "/main_controller/index" for 127.0.0.1 at 2017-07-27 14:40:28 -0300
Processing by MainControllerController#index as HTML
  Rendering main_controller/index.html.slim within layouts/application
  Rendered main_controller/index.html.slim within layouts/application (18.3ms)
Completed 200 OK in 70ms (Views: 67.9ms)


Started GET "/main_controller/index" for 127.0.0.1 at 2017-07-27 14:41:26 -0300
Processing by MainControllerController#index as HTML
  Rendering main_controller/index.html.slim within layouts/application
  Rendered main_controller/index.html.slim within layouts/application (23.3ms)
Completed 200 OK in 79ms (Views: 76.7ms)


Started GET "/main_controller/index" for 127.0.0.1 at 2017-07-27 14:44:05 -0300
Processing by MainControllerController#index as HTML
  Rendering main_controller/index.html.slim within layouts/application
  Rendered main_controller/index.html.slim within layouts/application (14.6ms)
Completed 200 OK in 47ms (Views: 45.0ms)


Started GET "/main_controller/index" for 127.0.0.1 at 2017-07-27 14:49:18 -0300
Processing by MainControllerController#index as HTML
  Rendering main_controller/index.html.slim within layouts/application
  Rendered main_controller/index.html.slim within layouts/application (20.4ms)
Completed 200 OK in 81ms (Views: 79.4ms)


Started GET "/main_controller/index" for 127.0.0.1 at 2017-07-27 14:49:43 -0300
Processing by MainControllerController#index as HTML
  Rendering main_controller/index.html.slim within layouts/application
  Rendered main_controller/index.html.slim within layouts/application (19.4ms)
Completed 200 OK in 40ms (Views: 37.7ms)


Started GET "/main_controller/index" for 127.0.0.1 at 2017-07-27 14:50:33 -0300
Processing by MainControllerController#index as HTML
  Rendering main_controller/index.html.slim within layouts/application
  Rendered main_controller/index.html.slim within layouts/application (19.7ms)
Completed 200 OK in 77ms (Views: 74.0ms)


Started GET "/main_controller/index" for 127.0.0.1 at 2017-07-27 14:51:05 -0300
Processing by MainControllerController#index as HTML
  Rendering main_controller/index.html.slim within layouts/application
  Rendered main_controller/index.html.slim within layouts/application (8.5ms)
Completed 200 OK in 48ms (Views: 47.4ms)


Started GET "/main_controller/index" for 127.0.0.1 at 2017-07-27 14:52:38 -0300
Processing by MainControllerController#index as HTML
  Rendering main_controller/index.html.slim within layouts/application
  Rendered main_controller/index.html.slim within layouts/application (23.5ms)
Completed 200 OK in 80ms (Views: 77.9ms)


Started GET "/main_controller/index" for 127.0.0.1 at 2017-07-27 14:53:32 -0300
Processing by MainControllerController#index as HTML
  Rendering main_controller/index.html.slim within layouts/application
  Rendered main_controller/index.html.slim within layouts/application (14.0ms)
Completed 200 OK in 61ms (Views: 60.3ms)


Started GET "/main_controller/index" for 127.0.0.1 at 2017-07-27 14:54:13 -0300
Processing by MainControllerController#index as HTML
  Rendering main_controller/index.html.slim within layouts/application
  Rendered main_controller/index.html.slim within layouts/application (24.1ms)
Completed 200 OK in 76ms (Views: 73.5ms)


Started GET "/main_controller/index" for 127.0.0.1 at 2017-07-27 14:54:39 -0300
Processing by MainControllerController#index as HTML
  Rendering main_controller/index.html.slim within layouts/application
  Rendered main_controller/index.html.slim within layouts/application (16.0ms)
Completed 200 OK in 70ms (Views: 67.7ms)


Started GET "/main_controller/index" for 127.0.0.1 at 2017-07-27 14:55:44 -0300
Processing by MainControllerController#index as HTML
  Rendering main_controller/index.html.slim within layouts/application
  Rendered main_controller/index.html.slim within layouts/application (19.2ms)
Completed 200 OK in 73ms (Views: 70.4ms)


Started GET "/main_controller/index" for 127.0.0.1 at 2017-07-27 14:55:52 -0300
Processing by MainControllerController#index as HTML
  Rendering main_controller/index.html.slim within layouts/application
  Rendered main_controller/index.html.slim within layouts/application (9.0ms)
Completed 200 OK in 57ms (Views: 56.6ms)


Started GET "/main_controller/index" for 127.0.0.1 at 2017-07-27 14:56:13 -0300
Processing by MainControllerController#index as HTML
  Rendering main_controller/index.html.slim within layouts/application
  Rendered main_controller/index.html.slim within layouts/application (22.6ms)
Completed 200 OK in 76ms (Views: 73.3ms)


Started GET "/main_controller/index" for 127.0.0.1 at 2017-07-27 14:56:34 -0300
Processing by MainControllerController#index as HTML
  Rendering main_controller/index.html.slim within layouts/application
  Rendered main_controller/index.html.slim within layouts/application (21.1ms)
Completed 200 OK in 75ms (Views: 72.7ms)


Started GET "/main_controller/index" for 127.0.0.1 at 2017-07-27 14:58:17 -0300
Processing by MainControllerController#index as HTML
  Rendering main_controller/index.html.slim within layouts/application
  Rendered main_controller/index.html.slim within layouts/application (22.7ms)
Completed 200 OK in 87ms (Views: 84.2ms)


Started GET "/main_controller/index" for 127.0.0.1 at 2017-07-27 14:59:19 -0300
Processing by MainControllerController#index as HTML
  Rendering main_controller/index.html.slim within layouts/application
  Rendered main_controller/index.html.slim within layouts/application (9.3ms)
Completed 200 OK in 51ms (Views: 50.5ms)


Started GET "/main_controller/index" for 127.0.0.1 at 2017-07-27 15:00:05 -0300
Processing by MainControllerController#index as HTML
  Rendering main_controller/index.html.slim within layouts/application
  Rendered main_controller/index.html.slim within layouts/application (17.4ms)
Completed 200 OK in 77ms (Views: 75.3ms)


Started GET "/main_controller/index" for 127.0.0.1 at 2017-07-27 15:05:10 -0300
Processing by MainControllerController#index as HTML
  Rendering main_controller/index.html.slim within layouts/application
  Rendered main_controller/index.html.slim within layouts/application (20.0ms)
Completed 200 OK in 42ms (Views: 39.6ms)


Started GET "/main_controller/index" for 127.0.0.1 at 2017-07-27 15:05:27 -0300
Processing by MainControllerController#index as HTML
  Rendering main_controller/index.html.slim within layouts/application
  Rendered main_controller/index.html.slim within layouts/application (17.5ms)
Completed 200 OK in 40ms (Views: 37.3ms)


Started GET "/main_controller/index" for 127.0.0.1 at 2017-07-27 15:06:19 -0300
Processing by MainControllerController#index as HTML
  Rendering main_controller/index.html.slim within layouts/application
  Rendered main_controller/index.html.slim within layouts/application (22.4ms)
Completed 200 OK in 76ms (Views: 73.7ms)


Started GET "/main_controller/index" for 127.0.0.1 at 2017-07-27 15:07:47 -0300
Processing by MainControllerController#index as HTML
  Rendering main_controller/index.html.slim within layouts/application
  Rendered main_controller/index.html.slim within layouts/application (32.3ms)
Completed 200 OK in 84ms (Views: 81.4ms)


Started GET "/main_controller/index" for 127.0.0.1 at 2017-07-27 15:08:38 -0300
Processing by MainControllerController#index as HTML
  Rendering main_controller/index.html.slim within layouts/application
  Rendered main_controller/index.html.slim within layouts/application (23.5ms)
Completed 200 OK in 80ms (Views: 78.4ms)


Started GET "/main_controller/index" for 127.0.0.1 at 2017-07-27 15:09:43 -0300
Processing by MainControllerController#index as HTML
  Rendering main_controller/index.html.slim within layouts/application
  Rendered main_controller/index.html.slim within layouts/application (19.9ms)
Completed 200 OK in 80ms (Views: 77.8ms)


Started GET "/main_controller/index" for 127.0.0.1 at 2017-07-27 15:10:52 -0300
Processing by MainControllerController#index as HTML
  Rendering main_controller/index.html.slim within layouts/application
  Rendered main_controller/index.html.slim within layouts/application (16.9ms)
Completed 200 OK in 77ms (Views: 74.6ms)


Started GET "/main_controller/index" for 127.0.0.1 at 2017-07-27 15:11:48 -0300
Processing by MainControllerController#index as HTML
  Rendering main_controller/index.html.slim within layouts/application
  Rendered main_controller/index.html.slim within layouts/application (8.2ms)
Completed 200 OK in 52ms (Views: 51.2ms)


Started GET "/main_controller/index" for 127.0.0.1 at 2017-07-27 15:11:55 -0300
Processing by MainControllerController#index as HTML
  Rendering main_controller/index.html.slim within layouts/application
  Rendered main_controller/index.html.slim within layouts/application (23.3ms)
Completed 200 OK in 44ms (Views: 41.6ms)


Started GET "/main_controller/index" for 127.0.0.1 at 2017-07-27 15:16:12 -0300
Processing by MainControllerController#index as HTML
  Rendering main_controller/index.html.slim within layouts/application
  Rendered main_controller/index.html.slim within layouts/application (8.7ms)
Completed 200 OK in 51ms (Views: 50.2ms)


Started GET "/main_controller/index" for 127.0.0.1 at 2017-07-27 15:16:20 -0300
Processing by MainControllerController#index as HTML
  Rendering main_controller/index.html.slim within layouts/application
  Rendered main_controller/index.html.slim within layouts/application (17.6ms)
Completed 200 OK in 37ms (Views: 35.0ms)


Started GET "/main_controller/index" for 127.0.0.1 at 2017-07-27 15:18:29 -0300
Processing by MainControllerController#index as HTML
  Rendering main_controller/index.html.slim within layouts/application
  Rendered main_controller/index.html.slim within layouts/application (30.9ms)
Completed 200 OK in 84ms (Views: 82.2ms)


Started GET "/main_controller/index" for 127.0.0.1 at 2017-07-27 15:18:41 -0300
Processing by MainControllerController#index as HTML
  Rendering main_controller/index.html.slim within layouts/application
  Rendered main_controller/index.html.slim within layouts/application (23.1ms)
Completed 200 OK in 81ms (Views: 78.0ms)


Started GET "/main_controller/index" for 127.0.0.1 at 2017-07-27 15:20:59 -0300
Processing by MainControllerController#index as HTML
  Rendering main_controller/index.html.slim within layouts/application
  Rendered main_controller/index.html.slim within layouts/application (30.1ms)
Completed 200 OK in 77ms (Views: 73.9ms)


